<?xml version="1.0" encoding="UTF-8"?>
<testng-results skipped="0" failed="0" total="2" passed="2">
  <reporter-output>
    <line>
      <![CDATA[Selected Boston in fromPort dropdown]]>
    </line>
    <line>
      <![CDATA[Selected Rome in toPort dropdown]]>
    </line>
    <line>
      <![CDATA[Clicked on See available flights button button]]>
    </line>
    <line>
      <![CDATA[Clicked on Choose Flight button button]]>
    </line>
    <line>
      <![CDATA[Clicked on PurchaseButton button]]>
    </line>
    <line>
      <![CDATA[Flight is booked successfully.]]>
    </line>
    <line>
      <![CDATA[Selected Philadelphia in fromPort dropdown]]>
    </line>
    <line>
      <![CDATA[Selected London in toPort dropdown]]>
    </line>
    <line>
      <![CDATA[Clicked on See available flights button button]]>
    </line>
    <line>
      <![CDATA[Clicked on Choose Flight button button]]>
    </line>
    <line>
      <![CDATA[Clicked on PurchaseButton button]]>
    </line>
    <line>
      <![CDATA[Flight is booked successfully.]]>
    </line>
  </reporter-output>
  <suite name="Default suite" duration-ms="20195" started-at="2021-01-18T14:07:21Z" finished-at="2021-01-18T14:07:41Z">
    <groups>
    </groups>
    <test name="Default test" duration-ms="20195" started-at="2021-01-18T14:07:21Z" finished-at="2021-01-18T14:07:41Z">
      <class name="rohittest.NewFlightTest">
        <test-method status="PASS" signature="beforeTest()[pri:0, instance:rohittest.NewFlightTest@39699c]" name="beforeTest" is-config="true" duration-ms="6270" started-at="2021-01-18T19:37:21Z" finished-at="2021-01-18T19:37:27Z">
          <reporter-output>
          </reporter-output>
        </test-method> <!-- beforeTest -->
        <test-method status="PASS" signature="searchFlight(java.lang.String, java.lang.String)[pri:0, instance:rohittest.NewFlightTest@39699c]" name="searchFlight" duration-ms="3541" started-at="2021-01-18T19:37:27Z" data-provider="FlightTestData" finished-at="2021-01-18T19:37:31Z">
          <params>
            <param index="0">
              <value>
                <![CDATA[Boston]]>
              </value>
            </param>
            <param index="1">
              <value>
                <![CDATA[Rome]]>
              </value>
            </param>
          </params>
          <reporter-output>
            <line>
              <![CDATA[Selected Boston in fromPort dropdown]]>
            </line>
            <line>
              <![CDATA[Selected Rome in toPort dropdown]]>
            </line>
            <line>
              <![CDATA[Clicked on See available flights button button]]>
            </line>
            <line>
              <![CDATA[Clicked on Choose Flight button button]]>
            </line>
            <line>
              <![CDATA[Clicked on PurchaseButton button]]>
            </line>
            <line>
              <![CDATA[Flight is booked successfully.]]>
            </line>
          </reporter-output>
        </test-method> <!-- searchFlight -->
        <test-method status="PASS" signature="afterTest()[pri:0, instance:rohittest.NewFlightTest@39699c]" name="afterTest" is-config="true" duration-ms="670" started-at="2021-01-18T19:37:31Z" finished-at="2021-01-18T19:37:31Z">
          <reporter-output>
          </reporter-output>
        </test-method> <!-- afterTest -->
        <test-method status="PASS" signature="beforeTest()[pri:0, instance:rohittest.NewFlightTest@39699c]" name="beforeTest" is-config="true" duration-ms="5172" started-at="2021-01-18T19:37:31Z" finished-at="2021-01-18T19:37:36Z">
          <reporter-output>
          </reporter-output>
        </test-method> <!-- beforeTest -->
        <test-method status="PASS" signature="searchFlight(java.lang.String, java.lang.String)[pri:0, instance:rohittest.NewFlightTest@39699c]" name="searchFlight" duration-ms="3812" started-at="2021-01-18T19:37:36Z" data-provider="FlightTestData" finished-at="2021-01-18T19:37:40Z">
          <params>
            <param index="0">
              <value>
                <![CDATA[Philadelphia]]>
              </value>
            </param>
            <param index="1">
              <value>
                <![CDATA[London]]>
              </value>
            </param>
          </params>
          <reporter-output>
            <line>
              <![CDATA[Selected Philadelphia in fromPort dropdown]]>
            </line>
            <line>
              <![CDATA[Selected London in toPort dropdown]]>
            </line>
            <line>
              <![CDATA[Clicked on See available flights button button]]>
            </line>
            <line>
              <![CDATA[Clicked on Choose Flight button button]]>
            </line>
            <line>
              <![CDATA[Clicked on PurchaseButton button]]>
            </line>
            <line>
              <![CDATA[Flight is booked successfully.]]>
            </line>
          </reporter-output>
        </test-method> <!-- searchFlight -->
        <test-method status="PASS" signature="afterTest()[pri:0, instance:rohittest.NewFlightTest@39699c]" name="afterTest" is-config="true" duration-ms="713" started-at="2021-01-18T19:37:40Z" finished-at="2021-01-18T19:37:41Z">
          <reporter-output>
          </reporter-output>
        </test-method> <!-- afterTest -->
      </class> <!-- rohittest.NewFlightTest -->
    </test> <!-- Default test -->
  </suite> <!-- Default suite -->
</testng-results>
